  Good.cpp
c:\users\saifk\desktop\oop\milestone 3\oop_ms3-master\good.cpp(11): warning C4305: '=': truncation from 'int' to 'char'
c:\users\saifk\desktop\oop\milestone 3\oop_ms3-master\good.cpp(11): warning C4309: '=': truncation of constant value
c:\users\saifk\desktop\oop\milestone 3\oop_ms3-master\good.cpp(21): warning C4996: 'strncpy': This function or variable may be unsafe. Consider using strncpy_s instead. To disable deprecation, use _CRT_SECURE_NO_WARNINGS. See online help for details.
  c:\program files (x86)\windows kits\10\include\10.0.10240.0\ucrt\string.h(346): note: see declaration of 'strncpy'
c:\users\saifk\desktop\oop\milestone 3\oop_ms3-master\good.cpp(24): warning C4996: 'strcpy': This function or variable may be unsafe. Consider using strcpy_s instead. To disable deprecation, use _CRT_SECURE_NO_WARNINGS. See online help for details.
  c:\program files (x86)\windows kits\10\include\10.0.10240.0\ucrt\string.h(119): note: see declaration of 'strcpy'
c:\users\saifk\desktop\oop\milestone 3\oop_ms3-master\good.cpp(30): warning C4996: 'strncpy': This function or variable may be unsafe. Consider using strncpy_s instead. To disable deprecation, use _CRT_SECURE_NO_WARNINGS. See online help for details.
  c:\program files (x86)\windows kits\10\include\10.0.10240.0\ucrt\string.h(346): note: see declaration of 'strncpy'
c:\users\saifk\desktop\oop\milestone 3\oop_ms3-master\good.cpp(32): warning C4996: 'strcpy': This function or variable may be unsafe. Consider using strcpy_s instead. To disable deprecation, use _CRT_SECURE_NO_WARNINGS. See online help for details.
  c:\program files (x86)\windows kits\10\include\10.0.10240.0\ucrt\string.h(119): note: see declaration of 'strcpy'
c:\users\saifk\desktop\oop\milestone 3\oop_ms3-master\good.cpp(42): warning C4996: 'strncpy': This function or variable may be unsafe. Consider using strncpy_s instead. To disable deprecation, use _CRT_SECURE_NO_WARNINGS. See online help for details.
  c:\program files (x86)\windows kits\10\include\10.0.10240.0\ucrt\string.h(346): note: see declaration of 'strncpy'
c:\users\saifk\desktop\oop\milestone 3\oop_ms3-master\good.cpp(44): warning C4996: 'strcpy': This function or variable may be unsafe. Consider using strcpy_s instead. To disable deprecation, use _CRT_SECURE_NO_WARNINGS. See online help for details.
  c:\program files (x86)\windows kits\10\include\10.0.10240.0\ucrt\string.h(119): note: see declaration of 'strcpy'
c:\users\saifk\desktop\oop\milestone 3\oop_ms3-master\good.cpp(55): warning C4996: 'strncpy': This function or variable may be unsafe. Consider using strncpy_s instead. To disable deprecation, use _CRT_SECURE_NO_WARNINGS. See online help for details.
  c:\program files (x86)\windows kits\10\include\10.0.10240.0\ucrt\string.h(346): note: see declaration of 'strncpy'
c:\users\saifk\desktop\oop\milestone 3\oop_ms3-master\good.cpp(57): warning C4996: 'strcpy': This function or variable may be unsafe. Consider using strcpy_s instead. To disable deprecation, use _CRT_SECURE_NO_WARNINGS. See online help for details.
  c:\program files (x86)\windows kits\10\include\10.0.10240.0\ucrt\string.h(119): note: see declaration of 'strcpy'
c:\users\saifk\desktop\oop\milestone 3\oop_ms3-master\good.cpp(72): warning C4996: 'strncpy': This function or variable may be unsafe. Consider using strncpy_s instead. To disable deprecation, use _CRT_SECURE_NO_WARNINGS. See online help for details.
  c:\program files (x86)\windows kits\10\include\10.0.10240.0\ucrt\string.h(346): note: see declaration of 'strncpy'
c:\users\saifk\desktop\oop\milestone 3\oop_ms3-master\good.cpp(77): warning C4996: 'strcpy': This function or variable may be unsafe. Consider using strcpy_s instead. To disable deprecation, use _CRT_SECURE_NO_WARNINGS. See online help for details.
  c:\program files (x86)\windows kits\10\include\10.0.10240.0\ucrt\string.h(119): note: see declaration of 'strcpy'
c:\users\saifk\desktop\oop\milestone 3\oop_ms3-master\good.cpp(97): warning C4800: 'int': forcing value to bool 'true' or 'false' (performance warning)
  OOP_MS3.vcxproj -> C:\Users\saifk\Desktop\OOP\Milestone 3\OOP_MS3-master\Debug\OOP_MS3.exe
  OOP_MS3.vcxproj -> C:\Users\saifk\Desktop\OOP\Milestone 3\OOP_MS3-master\Debug\OOP_MS3.pdb (Full PDB)
